22:48:22.641 [main] INFO  com.mindtree.reusablecomponent.Base - Validating Navigation Bar
22:48:23.532 [main] INFO  com.mindtree.reusablecomponent.Base - Accessing the property file
22:48:23.533 [main] INFO  com.mindtree.reusablecomponent.Base - Initializing Browser
22:48:24.791 [main] INFO  com.mindtree.reusablecomponent.Base - Invoking the website
22:48:29.247 [main] INFO  com.mindtree.reusablecomponent.Base - Maximizing the window
22:48:29.557 [main] INFO  com.mindtree.reusablecomponent.Base - Entering text into the search bar
22:48:42.478 [main] INFO  com.mindtree.reusablecomponent.Base - Product displayed
22:48:47.074 [main] INFO  com.mindtree.reusablecomponent.Base - Accessing the property file
22:48:47.075 [main] INFO  com.mindtree.reusablecomponent.Base - Initializing Browser
22:48:48.376 [main] INFO  com.mindtree.reusablecomponent.Base - Invoking the website
22:48:52.680 [main] INFO  com.mindtree.reusablecomponent.Base - Maximizing the window
22:55:29.959 [main] INFO  com.mindtree.reusablecomponent.Base - Accessing the property file
22:55:29.962 [main] INFO  com.mindtree.reusablecomponent.Base - Initializing Browser
22:55:31.853 [main] INFO  com.mindtree.reusablecomponent.Base - Invoking the website
22:55:38.299 [main] INFO  com.mindtree.reusablecomponent.Base - Maximizing the window
22:55:38.477 [main] INFO  com.mindtree.reusablecomponent.Base - Validating Title Image
22:55:38.603 [main] INFO  com.mindtree.reusablecomponent.Base - Validating Navigation Bar
22:55:39.447 [main] INFO  com.mindtree.reusablecomponent.Base - Accessing the property file
22:55:39.448 [main] INFO  com.mindtree.reusablecomponent.Base - Initializing Browser
22:55:40.775 [main] INFO  com.mindtree.reusablecomponent.Base - Invoking the website
22:55:46.441 [main] INFO  com.mindtree.reusablecomponent.Base - Maximizing the window
22:55:46.600 [main] INFO  com.mindtree.reusablecomponent.Base - Entering text into the search bar
22:55:59.741 [main] INFO  com.mindtree.reusablecomponent.Base - Product displayed
22:56:00.442 [main] INFO  com.mindtree.reusablecomponent.Base - Accessing the property file
22:56:00.443 [main] INFO  com.mindtree.reusablecomponent.Base - Initializing Browser
22:56:01.730 [main] INFO  com.mindtree.reusablecomponent.Base - Invoking the website
22:56:06.685 [main] INFO  com.mindtree.reusablecomponent.Base - Maximizing the window
22:58:09.697 [main] INFO  com.mindtree.reusablecomponent.Base - Accessing the property file
22:58:09.700 [main] INFO  com.mindtree.reusablecomponent.Base - Initializing Browser
22:58:11.722 [main] INFO  com.mindtree.reusablecomponent.Base - Invoking the website
22:58:16.001 [main] INFO  com.mindtree.reusablecomponent.Base - Maximizing the window
22:58:16.331 [main] INFO  com.mindtree.reusablecomponent.Base - Validating Title Image
22:58:16.486 [main] INFO  com.mindtree.reusablecomponent.Base - Validating Navigation Bar
22:58:17.523 [main] INFO  com.mindtree.reusablecomponent.Base - Accessing the property file
22:58:17.523 [main] INFO  com.mindtree.reusablecomponent.Base - Initializing Browser
22:58:18.889 [main] INFO  com.mindtree.reusablecomponent.Base - Invoking the website
22:58:26.824 [main] INFO  com.mindtree.reusablecomponent.Base - Maximizing the window
22:58:27.196 [main] INFO  com.mindtree.reusablecomponent.Base - Entering text into the search bar
22:58:40.572 [main] INFO  com.mindtree.reusablecomponent.Base - Product displayed
22:58:41.288 [main] INFO  com.mindtree.reusablecomponent.Base - Accessing the property file
22:58:41.289 [main] INFO  com.mindtree.reusablecomponent.Base - Initializing Browser
22:58:42.731 [main] INFO  com.mindtree.reusablecomponent.Base - Invoking the website
22:58:48.213 [main] INFO  com.mindtree.reusablecomponent.Base - Maximizing the window
23:00:51.261 [main] INFO  com.mindtree.reusablecomponent.Base - Accessing the property file
23:00:51.264 [main] INFO  com.mindtree.reusablecomponent.Base - Initializing Browser
23:00:53.335 [main] INFO  com.mindtree.reusablecomponent.Base - Invoking the website
23:01:02.906 [main] INFO  com.mindtree.reusablecomponent.Base - Maximizing the window
23:01:03.285 [main] INFO  com.mindtree.reusablecomponent.Base - Validating Title Image
23:01:03.518 [main] INFO  com.mindtree.reusablecomponent.Base - Validating Navigation Bar
23:01:04.420 [main] INFO  com.mindtree.reusablecomponent.Base - Accessing the property file
23:01:04.420 [main] INFO  com.mindtree.reusablecomponent.Base - Initializing Browser
23:01:05.791 [main] INFO  com.mindtree.reusablecomponent.Base - Invoking the website
23:01:11.705 [main] INFO  com.mindtree.reusablecomponent.Base - Maximizing the window
23:01:11.986 [main] INFO  com.mindtree.reusablecomponent.Base - Entering text into the search bar
23:01:25.608 [main] INFO  com.mindtree.reusablecomponent.Base - Product displayed
23:01:26.162 [main] INFO  com.mindtree.reusablecomponent.Base - Accessing the property file
23:01:26.163 [main] INFO  com.mindtree.reusablecomponent.Base - Initializing Browser
23:01:27.584 [main] INFO  com.mindtree.reusablecomponent.Base - Invoking the website
23:01:31.942 [main] INFO  com.mindtree.reusablecomponent.Base - Maximizing the window
23:35:45.275 [main] INFO  com.mindtree.reusablecomponent.Base - Accessing the property file
23:35:45.277 [main] INFO  com.mindtree.reusablecomponent.Base - Initializing Browser
23:35:46.953 [main] INFO  com.mindtree.reusablecomponent.Base - Invoking the website
23:35:49.353 [main] INFO  com.mindtree.reusablecomponent.Base - Maximizing the window
23:35:49.581 [main] INFO  com.mindtree.reusablecomponent.Base - Validating Title Image
23:35:49.790 [main] INFO  com.mindtree.reusablecomponent.Base - Validating Navigation Bar
23:35:54.456 [main] INFO  com.mindtree.reusablecomponent.Base - Accessing the property file
23:35:54.456 [main] INFO  com.mindtree.reusablecomponent.Base - Initializing Browser
23:35:55.664 [main] INFO  com.mindtree.reusablecomponent.Base - Invoking the website
23:35:58.141 [main] INFO  com.mindtree.reusablecomponent.Base - Maximizing the window
23:35:58.397 [main] INFO  com.mindtree.reusablecomponent.Base - Entering text into the search bar
23:36:10.551 [main] INFO  com.mindtree.reusablecomponent.Base - Product displayed
23:36:15.084 [main] INFO  com.mindtree.reusablecomponent.Base - Accessing the property file
23:36:15.084 [main] INFO  com.mindtree.reusablecomponent.Base - Initializing Browser
23:36:16.298 [main] INFO  com.mindtree.reusablecomponent.Base - Invoking the website
23:36:18.827 [main] INFO  com.mindtree.reusablecomponent.Base - Maximizing the window
20:48:34.329 [main] INFO  com.mindtree.reusablecomponent.Base - Accessing the property file
20:48:34.334 [main] INFO  com.mindtree.reusablecomponent.Base - Initializing Browser
20:48:36.764 [main] INFO  com.mindtree.reusablecomponent.Base - Invoking the website
20:48:39.891 [main] INFO  com.mindtree.reusablecomponent.Base - Maximizing the window
20:48:40.093 [main] INFO  com.mindtree.reusablecomponent.Base - Validating Title Image
20:48:40.289 [main] INFO  com.mindtree.reusablecomponent.Base - Validating Navigation Bar
20:48:40.886 [main] INFO  com.mindtree.reusablecomponent.Base - Accessing the property file
20:48:40.886 [main] INFO  com.mindtree.reusablecomponent.Base - Initializing Browser
20:48:42.198 [main] INFO  com.mindtree.reusablecomponent.Base - Invoking the website
20:48:44.682 [main] INFO  com.mindtree.reusablecomponent.Base - Maximizing the window
20:48:44.857 [main] INFO  com.mindtree.reusablecomponent.Base - Entering text into the search bar
20:48:57.264 [main] INFO  com.mindtree.reusablecomponent.Base - Product displayed
20:48:57.660 [main] INFO  com.mindtree.reusablecomponent.Base - Accessing the property file
20:48:57.660 [main] INFO  com.mindtree.reusablecomponent.Base - Initializing Browser
20:48:58.984 [main] INFO  com.mindtree.reusablecomponent.Base - Invoking the website
20:49:01.244 [main] INFO  com.mindtree.reusablecomponent.Base - Maximizing the window
20:49:01.420 [main] INFO  com.mindtree.reusablecomponent.Base - Clicking on GiftCard
20:49:03.952 [main] INFO  com.mindtree.reusablecomponent.Base - Enter post code in post code column
20:49:04.304 [main] INFO  com.mindtree.reusablecomponent.Base - Desired Message is displayed
20:49:09.676 [main] INFO  com.mindtree.reusablecomponent.Base - Accessing the property file
20:49:09.676 [main] INFO  com.mindtree.reusablecomponent.Base - Initializing Browser
20:49:11.256 [main] INFO  com.mindtree.reusablecomponent.Base - Invoking the website
20:49:14.274 [main] INFO  com.mindtree.reusablecomponent.Base - Maximizing the window
20:49:14.488 [main] INFO  com.mindtree.reusablecomponent.Base - Hovered over Official Merchandise Tab
20:49:16.859 [main] INFO  com.mindtree.reusablecomponent.Base - Hovered to Marvel Merchandise in subsection and clicked on it
20:49:21.539 [main] INFO  com.mindtree.reusablecomponent.Base - Title Verified
20:49:22.188 [main] INFO  com.mindtree.reusablecomponent.Base - Accessing the property file
20:49:22.189 [main] INFO  com.mindtree.reusablecomponent.Base - Initializing Browser
20:49:23.979 [main] INFO  com.mindtree.reusablecomponent.Base - Invoking the website
20:49:26.343 [main] INFO  com.mindtree.reusablecomponent.Base - Maximizing the window
20:49:26.918 [main] INFO  com.mindtree.reusablecomponent.Base - Searching an item from the search bar
20:49:33.162 [main] INFO  com.mindtree.reusablecomponent.Base - Clicked on the desired product
20:49:35.551 [main] INFO  com.mindtree.reusablecomponent.Base - Clicked on the Add to wishlist
20:49:40.697 [main] INFO  com.mindtree.reusablecomponent.Base - Clicked on View product in wishlist link and naviagated to the page
20:49:46.149 [main] INFO  com.mindtree.reusablecomponent.Base - Product verified
20:49:51.392 [main] INFO  com.mindtree.reusablecomponent.Base - Accessing the property file
20:49:51.392 [main] INFO  com.mindtree.reusablecomponent.Base - Initializing Browser
20:49:53.532 [main] INFO  com.mindtree.reusablecomponent.Base - Invoking the website
20:49:56.681 [main] INFO  com.mindtree.reusablecomponent.Base - Maximizing the window
20:49:56.969 [main] INFO  com.mindtree.reusablecomponent.Base - Click on contact us
20:49:59.288 [main] INFO  com.mindtree.reusablecomponent.Base - Name entered
20:50:01.585 [main] INFO  com.mindtree.reusablecomponent.Base - Email-id entered
20:50:03.780 [main] INFO  com.mindtree.reusablecomponent.Base - Message entered
20:50:05.964 [main] INFO  com.mindtree.reusablecomponent.Base - Click on submit
20:50:14.725 [main] INFO  com.mindtree.reusablecomponent.Base - Accessing the property file
20:50:14.726 [main] INFO  com.mindtree.reusablecomponent.Base - Initializing Browser
20:50:16.624 [main] INFO  com.mindtree.reusablecomponent.Base - Invoking the website
20:50:20.142 [main] INFO  com.mindtree.reusablecomponent.Base - Maximizing the window
20:50:20.506 [main] INFO  com.mindtree.reusablecomponent.Base - Clicking on All Of It section from Navigation Bar
20:50:23.630 [main] INFO  com.mindtree.reusablecomponent.Base - Clicking on next page button
20:50:26.522 [main] INFO  com.mindtree.reusablecomponent.Base - Verifying Next Page is displayed
20:50:27.419 [main] INFO  com.mindtree.reusablecomponent.Base - Accessing the property file
20:50:27.419 [main] INFO  com.mindtree.reusablecomponent.Base - Initializing Browser
20:50:29.304 [main] INFO  com.mindtree.reusablecomponent.Base - Invoking the website
20:50:34.769 [main] INFO  com.mindtree.reusablecomponent.Base - Maximizing the window
20:50:35.320 [main] INFO  com.mindtree.reusablecomponent.Base - Clicking on  Secret Santa Gifts section from Navigation Bar
20:50:38.956 [main] INFO  com.mindtree.reusablecomponent.Base - Clicking on Sort and choose the Best Selling option from the dropdown
20:50:42.338 [main] INFO  com.mindtree.reusablecomponent.Base - Best Selling Products displayed
20:50:43.095 [main] INFO  com.mindtree.reusablecomponent.Base - Accessing the property file
20:50:43.095 [main] INFO  com.mindtree.reusablecomponent.Base - Initializing Browser
20:50:44.932 [main] INFO  com.mindtree.reusablecomponent.Base - Invoking the website
20:50:48.600 [main] INFO  com.mindtree.reusablecomponent.Base - Maximizing the window
20:50:49.054 [main] INFO  com.mindtree.reusablecomponent.Base - Clicked on cart
20:50:50.014 [main] INFO  com.mindtree.reusablecomponent.Base - Selecting the item
20:50:53.216 [main] INFO  com.mindtree.reusablecomponent.Base - Adding the item to cart
20:50:53.679 [main] INFO  com.mindtree.reusablecomponent.Base - Click on checkout
20:50:56.291 [main] INFO  com.mindtree.reusablecomponent.Base - Closing the popup
20:51:03.469 [main] INFO  com.mindtree.reusablecomponent.Base - Order Summary displayed sucessfully
20:51:03.815 [main] INFO  com.mindtree.reusablecomponent.Base - Accessing the property file
20:51:03.815 [main] INFO  com.mindtree.reusablecomponent.Base - Initializing Browser
20:51:05.949 [main] INFO  com.mindtree.reusablecomponent.Base - Invoking the website
20:51:11.267 [main] INFO  com.mindtree.reusablecomponent.Base - Maximizing the window
20:51:11.832 [main] INFO  com.mindtree.reusablecomponent.Base - CLicking on sign in button
20:51:17.611 [main] INFO  com.mindtree.reusablecomponent.Base - Entering username
20:51:17.809 [main] INFO  com.mindtree.reusablecomponent.Base - Entering Password
20:51:17.965 [main] INFO  com.mindtree.reusablecomponent.Base - Click on login
20:51:25.866 [main] INFO  com.mindtree.reusablecomponent.Base - Entered username= testbymanish@gmail.com
20:51:25.868 [main] INFO  com.mindtree.reusablecomponent.Base - Entered password= testbymanish@123
20:51:32.719 [main] INFO  com.mindtree.reusablecomponent.Base - Accessing the property file
20:51:32.719 [main] INFO  com.mindtree.reusablecomponent.Base - Initializing Browser
20:51:34.581 [main] INFO  com.mindtree.reusablecomponent.Base - Invoking the website
20:51:38.967 [main] INFO  com.mindtree.reusablecomponent.Base - Maximizing the window
20:51:39.372 [main] INFO  com.mindtree.reusablecomponent.Base - Entering email-id in Newsletter text box
20:51:40.271 [main] INFO  com.mindtree.reusablecomponent.Base - Click on Sign Up Now
20:51:40.618 [main] INFO  com.mindtree.reusablecomponent.Base - Switching to new tab
20:51:40.938 [main] INFO  com.mindtree.reusablecomponent.Base - Switching to new tab
20:51:44.168 [main] ERROR com.mindtree.reusablecomponent.Base - 404: Page Not Found | Mailchimp
20:51:44.883 [main] INFO  com.mindtree.reusablecomponent.Base - driver closed
21:03:16.812 [main] INFO  com.mindtree.reusablecomponent.Base - Accessing the property file
21:03:16.816 [main] INFO  com.mindtree.reusablecomponent.Base - Initializing Browser
21:03:18.590 [main] INFO  com.mindtree.reusablecomponent.Base - Invoking the website
21:03:21.191 [main] INFO  com.mindtree.reusablecomponent.Base - Maximizing the window
21:03:21.422 [main] INFO  com.mindtree.reusablecomponent.Base - Validating Title Image
21:03:21.663 [main] INFO  com.mindtree.reusablecomponent.Base - Validating Navigation Bar
21:03:22.128 [main] INFO  com.mindtree.reusablecomponent.Base - driver closed
21:03:29.299 [main] INFO  com.mindtree.reusablecomponent.Base - Accessing the property file
21:03:29.299 [main] INFO  com.mindtree.reusablecomponent.Base - Initializing Browser
21:03:30.521 [main] INFO  com.mindtree.reusablecomponent.Base - Invoking the website
21:03:34.699 [main] INFO  com.mindtree.reusablecomponent.Base - Maximizing the window
21:03:34.930 [main] INFO  com.mindtree.reusablecomponent.Base - Entering text into the search bar
21:03:47.473 [main] INFO  com.mindtree.reusablecomponent.Base - Product displayed
21:03:47.871 [main] INFO  com.mindtree.reusablecomponent.Base - driver closed
21:03:51.013 [main] INFO  com.mindtree.reusablecomponent.Base - Accessing the property file
21:03:51.013 [main] INFO  com.mindtree.reusablecomponent.Base - Initializing Browser
21:03:52.249 [main] INFO  com.mindtree.reusablecomponent.Base - Invoking the website
21:03:54.825 [main] INFO  com.mindtree.reusablecomponent.Base - Maximizing the window
21:03:55.023 [main] INFO  com.mindtree.reusablecomponent.Base - Clicking on GiftCard
21:03:57.051 [main] INFO  com.mindtree.reusablecomponent.Base - Enter post code in post code column
21:03:57.348 [main] INFO  com.mindtree.reusablecomponent.Base - Desired Message is displayed
21:04:02.692 [main] INFO  com.mindtree.reusablecomponent.Base - driver closed
21:04:05.819 [main] INFO  com.mindtree.reusablecomponent.Base - Accessing the property file
21:04:05.819 [main] INFO  com.mindtree.reusablecomponent.Base - Initializing Browser
21:04:07.047 [main] INFO  com.mindtree.reusablecomponent.Base - Invoking the website
21:04:09.318 [main] INFO  com.mindtree.reusablecomponent.Base - Maximizing the window
21:04:09.508 [main] INFO  com.mindtree.reusablecomponent.Base - Hovered over Official Merchandise Tab
21:04:11.879 [main] INFO  com.mindtree.reusablecomponent.Base - Hovered to Marvel Merchandise in subsection and clicked on it
21:04:16.849 [main] INFO  com.mindtree.reusablecomponent.Base - driver closed
21:04:23.982 [main] INFO  com.mindtree.reusablecomponent.Base - Accessing the property file
21:04:23.982 [main] INFO  com.mindtree.reusablecomponent.Base - Initializing Browser
21:04:25.214 [main] INFO  com.mindtree.reusablecomponent.Base - Invoking the website
21:04:27.749 [main] INFO  com.mindtree.reusablecomponent.Base - Maximizing the window
21:04:27.934 [main] INFO  com.mindtree.reusablecomponent.Base - Searching an item from the search bar
21:04:33.450 [main] INFO  com.mindtree.reusablecomponent.Base - Clicked on the desired product
21:04:35.503 [main] INFO  com.mindtree.reusablecomponent.Base - Clicked on the Add to wishlist
21:04:40.621 [main] INFO  com.mindtree.reusablecomponent.Base - Clicked on View product in wishlist link and naviagated to the page
21:04:44.581 [main] INFO  com.mindtree.reusablecomponent.Base - Product verified
21:04:49.764 [main] INFO  com.mindtree.reusablecomponent.Base - driver closed
21:04:52.884 [main] INFO  com.mindtree.reusablecomponent.Base - Accessing the property file
21:04:52.885 [main] INFO  com.mindtree.reusablecomponent.Base - Initializing Browser
21:04:54.116 [main] INFO  com.mindtree.reusablecomponent.Base - Invoking the website
21:04:56.789 [main] INFO  com.mindtree.reusablecomponent.Base - Maximizing the window
21:04:57.019 [main] INFO  com.mindtree.reusablecomponent.Base - Click on contact us
21:04:58.923 [main] INFO  com.mindtree.reusablecomponent.Base - Name entered
21:05:01.098 [main] INFO  com.mindtree.reusablecomponent.Base - Email-id entered
21:05:03.220 [main] INFO  com.mindtree.reusablecomponent.Base - Message entered
21:05:05.350 [main] INFO  com.mindtree.reusablecomponent.Base - Click on submit
21:05:13.701 [main] INFO  com.mindtree.reusablecomponent.Base - driver closed
21:05:16.886 [main] INFO  com.mindtree.reusablecomponent.Base - Accessing the property file
21:05:16.887 [main] INFO  com.mindtree.reusablecomponent.Base - Initializing Browser
21:05:18.102 [main] INFO  com.mindtree.reusablecomponent.Base - Invoking the website
21:05:20.801 [main] INFO  com.mindtree.reusablecomponent.Base - Maximizing the window
21:05:20.961 [main] INFO  com.mindtree.reusablecomponent.Base - Clicking on All Of It section from Navigation Bar
21:05:22.988 [main] INFO  com.mindtree.reusablecomponent.Base - Clicking on next page button
21:05:25.476 [main] INFO  com.mindtree.reusablecomponent.Base - Verifying Next Page is displayed
21:05:25.987 [main] INFO  com.mindtree.reusablecomponent.Base - driver closed
21:05:29.178 [main] INFO  com.mindtree.reusablecomponent.Base - Accessing the property file
21:05:29.178 [main] INFO  com.mindtree.reusablecomponent.Base - Initializing Browser
21:05:30.460 [main] INFO  com.mindtree.reusablecomponent.Base - Invoking the website
21:05:33.308 [main] INFO  com.mindtree.reusablecomponent.Base - Maximizing the window
21:05:33.570 [main] INFO  com.mindtree.reusablecomponent.Base - Clicking on  Secret Santa Gifts section from Navigation Bar
21:05:36.441 [main] INFO  com.mindtree.reusablecomponent.Base - Clicking on Sort and choose the Best Selling option from the dropdown
21:05:39.162 [main] INFO  com.mindtree.reusablecomponent.Base - Best Selling Products displayed
21:05:39.615 [main] INFO  com.mindtree.reusablecomponent.Base - driver closed
21:05:46.764 [main] INFO  com.mindtree.reusablecomponent.Base - Accessing the property file
21:05:46.764 [main] INFO  com.mindtree.reusablecomponent.Base - Initializing Browser
21:05:47.978 [main] INFO  com.mindtree.reusablecomponent.Base - Invoking the website
21:05:50.715 [main] INFO  com.mindtree.reusablecomponent.Base - Maximizing the window
21:05:50.903 [main] INFO  com.mindtree.reusablecomponent.Base - Clicked on cart
21:05:51.255 [main] INFO  com.mindtree.reusablecomponent.Base - Selecting the item
21:05:53.217 [main] INFO  com.mindtree.reusablecomponent.Base - Adding the item to cart
21:05:53.456 [main] INFO  com.mindtree.reusablecomponent.Base - Click on checkout
21:05:55.394 [main] INFO  com.mindtree.reusablecomponent.Base - Closing the popup
21:05:59.315 [main] INFO  com.mindtree.reusablecomponent.Base - Order Summary displayed sucessfully
21:05:59.538 [main] INFO  com.mindtree.reusablecomponent.Base - driver closed
21:06:02.690 [main] INFO  com.mindtree.reusablecomponent.Base - Accessing the property file
21:06:02.690 [main] INFO  com.mindtree.reusablecomponent.Base - Initializing Browser
21:06:03.921 [main] INFO  com.mindtree.reusablecomponent.Base - Invoking the website
21:06:06.459 [main] INFO  com.mindtree.reusablecomponent.Base - Maximizing the window
21:06:06.715 [main] INFO  com.mindtree.reusablecomponent.Base - CLicking on sign in button
21:06:09.053 [main] INFO  com.mindtree.reusablecomponent.Base - Entering username
21:06:09.154 [main] INFO  com.mindtree.reusablecomponent.Base - Entering Password
21:06:09.247 [main] INFO  com.mindtree.reusablecomponent.Base - Click on login
21:06:16.071 [main] INFO  com.mindtree.reusablecomponent.Base - Entered username= testbymanish@gmail.com
21:06:16.071 [main] INFO  com.mindtree.reusablecomponent.Base - Entered password= testbymanish@123
21:06:21.267 [main] INFO  com.mindtree.reusablecomponent.Base - driver closed
21:06:24.457 [main] INFO  com.mindtree.reusablecomponent.Base - Accessing the property file
21:06:24.457 [main] INFO  com.mindtree.reusablecomponent.Base - Initializing Browser
21:06:25.672 [main] INFO  com.mindtree.reusablecomponent.Base - Invoking the website
21:06:28.893 [main] INFO  com.mindtree.reusablecomponent.Base - Maximizing the window
21:06:29.071 [main] INFO  com.mindtree.reusablecomponent.Base - Entering email-id in Newsletter text box
21:06:29.415 [main] INFO  com.mindtree.reusablecomponent.Base - Click on Sign Up Now
21:06:29.613 [main] INFO  com.mindtree.reusablecomponent.Base - Switching to new tab
21:06:29.687 [main] INFO  com.mindtree.reusablecomponent.Base - Switching to new tab
21:06:33.047 [main] ERROR com.mindtree.reusablecomponent.Base - 404: Page Not Found | Mailchimp
21:06:33.400 [main] INFO  com.mindtree.reusablecomponent.Base - driver closed
00:31:00.716 [main] INFO  com.mindtree.reusablecomponent.Base - Accessing the property file
00:31:00.724 [main] INFO  com.mindtree.reusablecomponent.Base - Initializing Browser
00:31:04.847 [main] INFO  com.mindtree.reusablecomponent.Base - Invoking the website
00:31:09.422 [main] INFO  com.mindtree.reusablecomponent.Base - Maximizing the window
00:31:09.834 [main] INFO  com.mindtree.reusablecomponent.Base - Validating Title Image
00:31:10.110 [main] INFO  com.mindtree.reusablecomponent.Base - Validating Navigation Bar
00:31:11.112 [main] INFO  com.mindtree.reusablecomponent.Base - driver closed
00:31:14.559 [main] INFO  com.mindtree.reusablecomponent.Base - Accessing the property file
00:31:14.560 [main] INFO  com.mindtree.reusablecomponent.Base - Initializing Browser
00:31:16.180 [main] INFO  com.mindtree.reusablecomponent.Base - Invoking the website
00:31:22.386 [main] INFO  com.mindtree.reusablecomponent.Base - Maximizing the window
00:31:22.756 [main] INFO  com.mindtree.reusablecomponent.Base - Entering text into the search bar
00:31:36.642 [main] INFO  com.mindtree.reusablecomponent.Base - Product displayed
00:31:37.339 [main] INFO  com.mindtree.reusablecomponent.Base - driver closed
00:31:40.744 [main] INFO  com.mindtree.reusablecomponent.Base - Accessing the property file
00:31:40.744 [main] INFO  com.mindtree.reusablecomponent.Base - Initializing Browser
00:31:42.573 [main] INFO  com.mindtree.reusablecomponent.Base - Invoking the website
00:31:49.158 [main] INFO  com.mindtree.reusablecomponent.Base - Maximizing the window
00:31:49.474 [main] INFO  com.mindtree.reusablecomponent.Base - Clicking on GiftCard
00:31:52.615 [main] INFO  com.mindtree.reusablecomponent.Base - Enter post code in post code column
00:31:53.002 [main] INFO  com.mindtree.reusablecomponent.Base - Desired Message is displayed
00:31:58.614 [main] INFO  com.mindtree.reusablecomponent.Base - driver closed
00:32:01.947 [main] INFO  com.mindtree.reusablecomponent.Base - Accessing the property file
00:32:01.947 [main] INFO  com.mindtree.reusablecomponent.Base - Initializing Browser
00:32:03.676 [main] INFO  com.mindtree.reusablecomponent.Base - Invoking the website
00:32:08.814 [main] INFO  com.mindtree.reusablecomponent.Base - Maximizing the window
00:32:09.233 [main] INFO  com.mindtree.reusablecomponent.Base - Hovered over Official Merchandise Tab
00:32:11.708 [main] INFO  com.mindtree.reusablecomponent.Base - Hovered to Marvel Merchandise in subsection and clicked on it
00:32:18.464 [main] INFO  com.mindtree.reusablecomponent.Base - Title Verified
00:32:19.098 [main] INFO  com.mindtree.reusablecomponent.Base - driver closed
00:32:22.413 [main] INFO  com.mindtree.reusablecomponent.Base - Accessing the property file
00:32:22.414 [main] INFO  com.mindtree.reusablecomponent.Base - Initializing Browser
00:32:24.047 [main] INFO  com.mindtree.reusablecomponent.Base - Invoking the website
00:32:37.278 [main] INFO  com.mindtree.reusablecomponent.Base - Maximizing the window
00:32:37.624 [main] INFO  com.mindtree.reusablecomponent.Base - Searching an item from the search bar
00:32:44.151 [main] INFO  com.mindtree.reusablecomponent.Base - Clicked on the desired product
00:32:47.456 [main] INFO  com.mindtree.reusablecomponent.Base - Clicked on the Add to wishlist
00:32:52.594 [main] INFO  com.mindtree.reusablecomponent.Base - Clicked on View product in wishlist link and naviagated to the page
00:32:57.819 [main] INFO  com.mindtree.reusablecomponent.Base - Product verified
00:33:03.072 [main] INFO  com.mindtree.reusablecomponent.Base - driver closed
00:33:10.453 [main] INFO  com.mindtree.reusablecomponent.Base - Accessing the property file
00:33:10.457 [main] INFO  com.mindtree.reusablecomponent.Base - Initializing Browser
00:33:12.154 [main] INFO  com.mindtree.reusablecomponent.Base - Invoking the website
00:33:17.035 [main] INFO  com.mindtree.reusablecomponent.Base - Maximizing the window
00:33:17.479 [main] INFO  com.mindtree.reusablecomponent.Base - Click on contact us
00:33:19.970 [main] INFO  com.mindtree.reusablecomponent.Base - Name entered
00:33:22.281 [main] INFO  com.mindtree.reusablecomponent.Base - Email-id entered
00:33:24.498 [main] INFO  com.mindtree.reusablecomponent.Base - Message entered
00:33:26.643 [main] INFO  com.mindtree.reusablecomponent.Base - Click on submit
00:33:30.137 [main] WARN  com.mindtree.reusablecomponent.Base - Random Captcha Verification Request
00:33:30.379 [main] INFO  com.mindtree.reusablecomponent.Base - driver closed
00:33:33.654 [main] INFO  com.mindtree.reusablecomponent.Base - Accessing the property file
00:33:33.655 [main] INFO  com.mindtree.reusablecomponent.Base - Initializing Browser
00:33:35.348 [main] INFO  com.mindtree.reusablecomponent.Base - Invoking the website
00:33:39.749 [main] INFO  com.mindtree.reusablecomponent.Base - Maximizing the window
00:33:39.974 [main] INFO  com.mindtree.reusablecomponent.Base - Clicking on All Of It section from Navigation Bar
00:33:43.785 [main] INFO  com.mindtree.reusablecomponent.Base - Clicking on next page button
00:33:47.519 [main] INFO  com.mindtree.reusablecomponent.Base - Verifying Next Page is displayed
00:33:48.490 [main] INFO  com.mindtree.reusablecomponent.Base - driver closed
00:33:51.832 [main] INFO  com.mindtree.reusablecomponent.Base - Accessing the property file
00:33:51.833 [main] INFO  com.mindtree.reusablecomponent.Base - Initializing Browser
00:33:53.525 [main] INFO  com.mindtree.reusablecomponent.Base - Invoking the website
00:34:02.382 [main] INFO  com.mindtree.reusablecomponent.Base - Maximizing the window
00:34:02.777 [main] INFO  com.mindtree.reusablecomponent.Base - Clicking on  Secret Santa Gifts section from Navigation Bar
00:34:08.266 [main] INFO  com.mindtree.reusablecomponent.Base - Clicking on Sort and choose the Best Selling option from the dropdown
00:34:15.290 [main] INFO  com.mindtree.reusablecomponent.Base - Best Selling Products displayed
00:34:16.156 [main] INFO  com.mindtree.reusablecomponent.Base - driver closed
00:34:19.539 [main] INFO  com.mindtree.reusablecomponent.Base - Accessing the property file
00:34:19.539 [main] INFO  com.mindtree.reusablecomponent.Base - Initializing Browser
00:34:21.404 [main] INFO  com.mindtree.reusablecomponent.Base - Invoking the website
00:34:26.053 [main] INFO  com.mindtree.reusablecomponent.Base - Maximizing the window
00:34:26.367 [main] INFO  com.mindtree.reusablecomponent.Base - Clicked on cart
00:34:26.857 [main] INFO  com.mindtree.reusablecomponent.Base - Selecting the item
00:34:30.432 [main] INFO  com.mindtree.reusablecomponent.Base - Adding the item to cart
00:34:30.795 [main] INFO  com.mindtree.reusablecomponent.Base - Click on checkout
00:34:33.005 [main] INFO  com.mindtree.reusablecomponent.Base - Closing the popup
00:34:39.253 [main] INFO  com.mindtree.reusablecomponent.Base - Order Summary displayed sucessfully
00:34:39.573 [main] INFO  com.mindtree.reusablecomponent.Base - driver closed
00:34:43.080 [main] INFO  com.mindtree.reusablecomponent.Base - Accessing the property file
00:34:43.081 [main] INFO  com.mindtree.reusablecomponent.Base - Initializing Browser
00:34:44.783 [main] INFO  com.mindtree.reusablecomponent.Base - Invoking the website
00:34:50.813 [main] INFO  com.mindtree.reusablecomponent.Base - Maximizing the window
00:34:51.127 [main] INFO  com.mindtree.reusablecomponent.Base - CLicking on sign in button
00:34:54.811 [main] INFO  com.mindtree.reusablecomponent.Base - Entering username
00:34:54.942 [main] INFO  com.mindtree.reusablecomponent.Base - Entering Password
00:34:55.085 [main] INFO  com.mindtree.reusablecomponent.Base - Click on login
00:35:03.092 [main] INFO  com.mindtree.reusablecomponent.Base - Entered username= testbymanish@gmail.com
00:35:03.092 [main] INFO  com.mindtree.reusablecomponent.Base - Entered password= testbymanish@123
00:35:08.806 [main] INFO  com.mindtree.reusablecomponent.Base - driver closed
00:35:12.198 [main] INFO  com.mindtree.reusablecomponent.Base - Accessing the property file
00:35:12.198 [main] INFO  com.mindtree.reusablecomponent.Base - Initializing Browser
00:35:14.001 [main] INFO  com.mindtree.reusablecomponent.Base - Invoking the website
00:35:18.547 [main] INFO  com.mindtree.reusablecomponent.Base - Maximizing the window
00:35:18.907 [main] INFO  com.mindtree.reusablecomponent.Base - Entering email-id in Newsletter text box
00:35:19.461 [main] INFO  com.mindtree.reusablecomponent.Base - Click on Sign Up Now
00:35:19.798 [main] INFO  com.mindtree.reusablecomponent.Base - Switching to new tab
00:35:19.918 [main] INFO  com.mindtree.reusablecomponent.Base - Switching to new tab
00:35:24.025 [main] ERROR com.mindtree.reusablecomponent.Base - 404: Page Not Found | Mailchimp
00:35:24.692 [main] INFO  com.mindtree.reusablecomponent.Base - driver closed
00:37:26.985 [main] INFO  com.mindtree.reusablecomponent.Base - Accessing the property file
00:37:26.994 [main] INFO  com.mindtree.reusablecomponent.Base - Initializing Browser
00:37:29.467 [main] INFO  com.mindtree.reusablecomponent.Base - Invoking the website
00:37:36.656 [main] INFO  com.mindtree.reusablecomponent.Base - Maximizing the window
00:37:37.055 [main] INFO  com.mindtree.reusablecomponent.Base - Validating Title Image
00:37:37.280 [main] INFO  com.mindtree.reusablecomponent.Base - Validating Navigation Bar
00:37:38.275 [main] INFO  com.mindtree.reusablecomponent.Base - driver closed
00:37:41.742 [main] INFO  com.mindtree.reusablecomponent.Base - Accessing the property file
00:37:41.742 [main] INFO  com.mindtree.reusablecomponent.Base - Initializing Browser
00:37:43.455 [main] INFO  com.mindtree.reusablecomponent.Base - Invoking the website
00:37:49.699 [main] INFO  com.mindtree.reusablecomponent.Base - Maximizing the window
00:37:50.025 [main] INFO  com.mindtree.reusablecomponent.Base - CLicking on sign in button
00:37:54.417 [main] INFO  com.mindtree.reusablecomponent.Base - Entering username
00:37:54.596 [main] INFO  com.mindtree.reusablecomponent.Base - Entering Password
00:37:54.697 [main] INFO  com.mindtree.reusablecomponent.Base - Click on login
00:38:03.251 [main] INFO  com.mindtree.reusablecomponent.Base - Entered username= testbymanish@gmail.com
00:38:03.251 [main] INFO  com.mindtree.reusablecomponent.Base - Entered password= testbymanish@123
00:38:05.912 [main] INFO  com.mindtree.reusablecomponent.Base - driver closed
00:38:09.409 [main] INFO  com.mindtree.reusablecomponent.Base - Accessing the property file
00:38:09.409 [main] INFO  com.mindtree.reusablecomponent.Base - Initializing Browser
00:38:11.226 [main] INFO  com.mindtree.reusablecomponent.Base - Invoking the website
00:38:16.884 [main] INFO  com.mindtree.reusablecomponent.Base - Maximizing the window
00:38:17.116 [main] INFO  com.mindtree.reusablecomponent.Base - Entering email-id in Newsletter text box
00:38:17.799 [main] INFO  com.mindtree.reusablecomponent.Base - Click on Sign Up Now
00:38:18.160 [main] INFO  com.mindtree.reusablecomponent.Base - Switching to new tab
00:38:18.662 [main] INFO  com.mindtree.reusablecomponent.Base - Switching to new tab
00:49:57.320 [main] INFO  com.mindtree.reusablecomponent.Base - Accessing the property file
00:49:57.324 [main] INFO  com.mindtree.reusablecomponent.Base - Initializing Browser
00:49:59.391 [main] INFO  com.mindtree.reusablecomponent.Base - Invoking the website
00:50:04.247 [main] INFO  com.mindtree.reusablecomponent.Base - Maximizing the window
00:50:04.547 [main] INFO  com.mindtree.reusablecomponent.Base - Validating Title Image
00:50:04.859 [main] INFO  com.mindtree.reusablecomponent.Base - Validating Navigation Bar
00:50:05.656 [main] INFO  com.mindtree.reusablecomponent.Base - driver closed
00:50:08.943 [main] INFO  com.mindtree.reusablecomponent.Base - Accessing the property file
00:50:08.944 [main] INFO  com.mindtree.reusablecomponent.Base - Initializing Browser
00:50:10.395 [main] INFO  com.mindtree.reusablecomponent.Base - Invoking the website
00:50:13.620 [main] INFO  com.mindtree.reusablecomponent.Base - Maximizing the window
00:50:14.007 [main] INFO  com.mindtree.reusablecomponent.Base - CLicking on sign in button
00:50:16.470 [main] INFO  com.mindtree.reusablecomponent.Base - Entering username
00:50:16.589 [main] INFO  com.mindtree.reusablecomponent.Base - Entering Password
00:50:16.746 [main] INFO  com.mindtree.reusablecomponent.Base - Click on login
00:50:24.764 [main] INFO  com.mindtree.reusablecomponent.Base - Entered username= testbymanish@gmail.com
00:50:24.765 [main] INFO  com.mindtree.reusablecomponent.Base - Entered password= testbymanish@123
00:50:27.363 [main] INFO  com.mindtree.reusablecomponent.Base - driver closed
00:50:30.625 [main] INFO  com.mindtree.reusablecomponent.Base - Accessing the property file
00:50:30.628 [main] INFO  com.mindtree.reusablecomponent.Base - Initializing Browser
00:50:32.117 [main] INFO  com.mindtree.reusablecomponent.Base - Invoking the website
00:50:35.505 [main] INFO  com.mindtree.reusablecomponent.Base - Maximizing the window
00:50:35.722 [main] INFO  com.mindtree.reusablecomponent.Base - Entering email-id in Newsletter text box
00:50:36.196 [main] INFO  com.mindtree.reusablecomponent.Base - Click on Sign Up Now
00:50:37.403 [main] INFO  com.mindtree.reusablecomponent.Base - driver closed
00:58:52.346 [main] INFO  com.mindtree.reusablecomponent.Base - Accessing the property file
00:58:52.354 [main] INFO  com.mindtree.reusablecomponent.Base - Initializing Browser
00:58:55.176 [main] INFO  com.mindtree.reusablecomponent.Base - Invoking the website
00:58:59.531 [main] INFO  com.mindtree.reusablecomponent.Base - Maximizing the window
00:59:00.002 [main] INFO  com.mindtree.reusablecomponent.Base - Validating Title Image
00:59:00.421 [main] INFO  com.mindtree.reusablecomponent.Base - Validating Navigation Bar
00:59:01.934 [main] INFO  com.mindtree.reusablecomponent.Base - driver closed
00:59:05.166 [main] INFO  com.mindtree.reusablecomponent.Base - Accessing the property file
00:59:05.167 [main] INFO  com.mindtree.reusablecomponent.Base - Initializing Browser
00:59:07.091 [main] INFO  com.mindtree.reusablecomponent.Base - Invoking the website
00:59:12.236 [main] INFO  com.mindtree.reusablecomponent.Base - Maximizing the window
00:59:12.453 [main] INFO  com.mindtree.reusablecomponent.Base - CLicking on sign in button
00:59:17.323 [main] INFO  com.mindtree.reusablecomponent.Base - Entering username
00:59:17.740 [main] INFO  com.mindtree.reusablecomponent.Base - Entering Password
00:59:17.982 [main] INFO  com.mindtree.reusablecomponent.Base - Click on login
00:59:26.106 [main] INFO  com.mindtree.reusablecomponent.Base - Entered username= testbymanish@gmail.com
00:59:26.107 [main] INFO  com.mindtree.reusablecomponent.Base - Entered password= testbymanish@123
00:59:28.608 [main] INFO  com.mindtree.reusablecomponent.Base - driver closed
00:59:31.949 [main] INFO  com.mindtree.reusablecomponent.Base - Accessing the property file
00:59:31.949 [main] INFO  com.mindtree.reusablecomponent.Base - Initializing Browser
00:59:34.018 [main] INFO  com.mindtree.reusablecomponent.Base - Invoking the website
00:59:40.881 [main] INFO  com.mindtree.reusablecomponent.Base - Maximizing the window
00:59:41.108 [main] INFO  com.mindtree.reusablecomponent.Base - Entering email-id in Newsletter text box
00:59:42.148 [main] INFO  com.mindtree.reusablecomponent.Base - Click on Sign Up Now
00:59:46.288 [main] INFO  com.mindtree.reusablecomponent.Base - driver closed
01:03:47.781 [main] INFO  com.mindtree.reusablecomponent.Base - Accessing the property file
01:03:47.790 [main] INFO  com.mindtree.reusablecomponent.Base - Initializing Browser
01:03:50.655 [main] INFO  com.mindtree.reusablecomponent.Base - Invoking the website
01:03:55.346 [main] INFO  com.mindtree.reusablecomponent.Base - Maximizing the window
01:03:55.700 [main] INFO  com.mindtree.reusablecomponent.Base - Validating Title Image
01:03:56.217 [main] INFO  com.mindtree.reusablecomponent.Base - Validating Navigation Bar
01:03:57.410 [main] INFO  com.mindtree.reusablecomponent.Base - driver closed
01:04:00.803 [main] INFO  com.mindtree.reusablecomponent.Base - Accessing the property file
01:04:00.804 [main] INFO  com.mindtree.reusablecomponent.Base - Initializing Browser
01:04:02.730 [main] INFO  com.mindtree.reusablecomponent.Base - Invoking the website
01:04:06.661 [main] INFO  com.mindtree.reusablecomponent.Base - Maximizing the window
01:04:07.124 [main] INFO  com.mindtree.reusablecomponent.Base - CLicking on sign in button
01:04:10.581 [main] INFO  com.mindtree.reusablecomponent.Base - Entering username
01:04:10.815 [main] INFO  com.mindtree.reusablecomponent.Base - Entering Password
01:04:11.029 [main] INFO  com.mindtree.reusablecomponent.Base - Click on login
01:04:18.623 [main] INFO  com.mindtree.reusablecomponent.Base - Entered username= testbymanish@gmail.com
01:04:18.623 [main] INFO  com.mindtree.reusablecomponent.Base - Entered password= testbymanish@123
01:04:20.992 [main] INFO  com.mindtree.reusablecomponent.Base - driver closed
01:04:24.231 [main] INFO  com.mindtree.reusablecomponent.Base - Accessing the property file
01:04:24.232 [main] INFO  com.mindtree.reusablecomponent.Base - Initializing Browser
01:04:26.137 [main] INFO  com.mindtree.reusablecomponent.Base - Invoking the website
01:04:30.169 [main] INFO  com.mindtree.reusablecomponent.Base - Maximizing the window
01:04:30.619 [main] INFO  com.mindtree.reusablecomponent.Base - Entering email-id in Newsletter text box
01:04:31.335 [main] INFO  com.mindtree.reusablecomponent.Base - Click on Sign Up Now
01:04:34.836 [main] INFO  com.mindtree.reusablecomponent.Base - driver closed
02:15:38.571 [main] INFO  com.mindtree.reusablecomponent.Base - Accessing the property file
02:15:38.576 [main] INFO  com.mindtree.reusablecomponent.Base - Initializing Browser
02:15:41.644 [main] INFO  com.mindtree.reusablecomponent.Base - Invoking the website
02:15:44.756 [main] INFO  com.mindtree.reusablecomponent.Base - Maximizing the window
02:15:45.098 [main] INFO  com.mindtree.reusablecomponent.Base - Validating Title Image
02:15:45.112 [main] INFO  com.mindtree.reusablecomponent.Base - driver closed
02:15:45.378 [main] INFO  com.mindtree.reusablecomponent.Base - Accessing the property file
02:15:45.378 [main] INFO  com.mindtree.reusablecomponent.Base - Initializing Browser
02:15:46.911 [main] INFO  com.mindtree.reusablecomponent.Base - Invoking the website
02:15:49.524 [main] INFO  com.mindtree.reusablecomponent.Base - Maximizing the window
02:15:49.745 [main] INFO  com.mindtree.reusablecomponent.Base - Entering text into the search bar
02:15:49.752 [main] INFO  com.mindtree.reusablecomponent.Base - driver closed
02:15:50.118 [main] INFO  com.mindtree.reusablecomponent.Base - Accessing the property file
02:15:50.118 [main] INFO  com.mindtree.reusablecomponent.Base - Initializing Browser
02:15:51.579 [main] INFO  com.mindtree.reusablecomponent.Base - Invoking the website
02:15:54.353 [main] INFO  com.mindtree.reusablecomponent.Base - Maximizing the window
02:15:54.564 [main] INFO  com.mindtree.reusablecomponent.Base - driver closed
02:15:54.784 [main] INFO  com.mindtree.reusablecomponent.Base - Accessing the property file
02:15:54.784 [main] INFO  com.mindtree.reusablecomponent.Base - Initializing Browser
02:15:56.126 [main] INFO  com.mindtree.reusablecomponent.Base - Invoking the website
02:15:58.677 [main] INFO  com.mindtree.reusablecomponent.Base - Maximizing the window
02:15:58.866 [main] INFO  com.mindtree.reusablecomponent.Base - Hovered over Official Merchandise Tab
02:15:58.871 [main] INFO  com.mindtree.reusablecomponent.Base - driver closed
02:16:03.141 [main] INFO  com.mindtree.reusablecomponent.Base - Accessing the property file
02:16:03.141 [main] INFO  com.mindtree.reusablecomponent.Base - Initializing Browser
02:16:04.413 [main] INFO  com.mindtree.reusablecomponent.Base - Invoking the website
02:16:07.107 [main] INFO  com.mindtree.reusablecomponent.Base - Maximizing the window
02:16:07.306 [main] INFO  com.mindtree.reusablecomponent.Base - Searching an item from the search bar
02:16:07.308 [main] INFO  com.mindtree.reusablecomponent.Base - driver closed
02:16:07.520 [main] INFO  com.mindtree.reusablecomponent.Base - Accessing the property file
02:16:07.521 [main] INFO  com.mindtree.reusablecomponent.Base - Initializing Browser
02:16:08.932 [main] INFO  com.mindtree.reusablecomponent.Base - Invoking the website
02:16:11.841 [main] INFO  com.mindtree.reusablecomponent.Base - Maximizing the window
02:16:12.012 [main] INFO  com.mindtree.reusablecomponent.Base - driver closed
02:16:12.181 [main] INFO  com.mindtree.reusablecomponent.Base - Accessing the property file
02:16:12.182 [main] INFO  com.mindtree.reusablecomponent.Base - Initializing Browser
02:16:13.815 [main] INFO  com.mindtree.reusablecomponent.Base - Invoking the website
02:16:16.787 [main] INFO  com.mindtree.reusablecomponent.Base - Maximizing the window
02:16:17.007 [main] INFO  com.mindtree.reusablecomponent.Base - driver closed
02:16:21.267 [main] INFO  com.mindtree.reusablecomponent.Base - Accessing the property file
02:16:21.268 [main] INFO  com.mindtree.reusablecomponent.Base - Initializing Browser
02:16:22.553 [main] INFO  com.mindtree.reusablecomponent.Base - Invoking the website
02:16:25.325 [main] INFO  com.mindtree.reusablecomponent.Base - Maximizing the window
02:16:25.541 [main] INFO  com.mindtree.reusablecomponent.Base - driver closed
02:16:25.774 [main] INFO  com.mindtree.reusablecomponent.Base - Accessing the property file
02:16:25.775 [main] INFO  com.mindtree.reusablecomponent.Base - Initializing Browser
02:16:27.042 [main] INFO  com.mindtree.reusablecomponent.Base - Invoking the website
02:16:29.773 [main] INFO  com.mindtree.reusablecomponent.Base - Maximizing the window
02:16:29.966 [main] INFO  com.mindtree.reusablecomponent.Base - driver closed
02:16:30.203 [main] INFO  com.mindtree.reusablecomponent.Base - Accessing the property file
02:16:30.203 [main] INFO  com.mindtree.reusablecomponent.Base - Initializing Browser
02:16:31.610 [main] INFO  com.mindtree.reusablecomponent.Base - Invoking the website
02:16:34.609 [main] INFO  com.mindtree.reusablecomponent.Base - Maximizing the window
02:16:34.811 [main] INFO  com.mindtree.reusablecomponent.Base - CLicking on sign in button
02:16:34.813 [main] INFO  com.mindtree.reusablecomponent.Base - driver closed
02:16:34.979 [main] INFO  com.mindtree.reusablecomponent.Base - Accessing the property file
02:16:34.980 [main] INFO  com.mindtree.reusablecomponent.Base - Initializing Browser
02:16:36.398 [main] INFO  com.mindtree.reusablecomponent.Base - Invoking the website
02:16:39.231 [main] INFO  com.mindtree.reusablecomponent.Base - Maximizing the window
02:16:39.392 [main] INFO  com.mindtree.reusablecomponent.Base - driver closed
02:18:31.244 [main] INFO  com.mindtree.reusablecomponent.Base - Accessing the property file
02:18:31.252 [main] INFO  com.mindtree.reusablecomponent.Base - Initializing Browser
02:18:33.572 [main] INFO  com.mindtree.reusablecomponent.Base - Invoking the website
02:18:36.173 [main] INFO  com.mindtree.reusablecomponent.Base - Maximizing the window
02:18:36.395 [main] INFO  com.mindtree.reusablecomponent.Base - Validating Title Image
02:18:36.742 [main] INFO  com.mindtree.reusablecomponent.Base - Validating Navigation Bar
02:18:37.490 [main] INFO  com.mindtree.reusablecomponent.Base - driver closed
02:18:41.634 [main] INFO  com.mindtree.reusablecomponent.Base - Accessing the property file
02:18:41.634 [main] INFO  com.mindtree.reusablecomponent.Base - Initializing Browser
02:18:42.939 [main] INFO  com.mindtree.reusablecomponent.Base - Invoking the website
02:18:45.742 [main] INFO  com.mindtree.reusablecomponent.Base - Maximizing the window
02:18:45.967 [main] INFO  com.mindtree.reusablecomponent.Base - Entering text into the search bar
02:18:52.765 [main] INFO  com.mindtree.reusablecomponent.Base - Product displayed
02:18:53.188 [main] INFO  com.mindtree.reusablecomponent.Base - driver closed
02:18:53.300 [main] INFO  com.mindtree.reusablecomponent.Base - Accessing the property file
02:18:53.300 [main] INFO  com.mindtree.reusablecomponent.Base - Initializing Browser
02:18:54.626 [main] INFO  com.mindtree.reusablecomponent.Base - Invoking the website
02:18:57.548 [main] INFO  com.mindtree.reusablecomponent.Base - Maximizing the window
02:18:57.729 [main] INFO  com.mindtree.reusablecomponent.Base - Clicking on GiftCard
02:18:59.963 [main] INFO  com.mindtree.reusablecomponent.Base - Enter post code in post code column
02:19:00.348 [main] INFO  com.mindtree.reusablecomponent.Base - Desired Message is displayed
02:19:01.898 [main] INFO  com.mindtree.reusablecomponent.Base - driver closed
02:19:06.047 [main] INFO  com.mindtree.reusablecomponent.Base - Accessing the property file
02:19:06.047 [main] INFO  com.mindtree.reusablecomponent.Base - Initializing Browser
02:19:07.395 [main] INFO  com.mindtree.reusablecomponent.Base - Invoking the website
02:19:10.120 [main] INFO  com.mindtree.reusablecomponent.Base - Maximizing the window
02:19:10.294 [main] INFO  com.mindtree.reusablecomponent.Base - Hovered over Official Merchandise Tab
02:19:12.794 [main] INFO  com.mindtree.reusablecomponent.Base - Hovered to Marvel Merchandise in subsection and clicked on it
02:19:17.745 [main] INFO  com.mindtree.reusablecomponent.Base - Title Verified
02:19:18.362 [main] INFO  com.mindtree.reusablecomponent.Base - driver closed
02:19:18.517 [main] INFO  com.mindtree.reusablecomponent.Base - Accessing the property file
02:19:18.518 [main] INFO  com.mindtree.reusablecomponent.Base - Initializing Browser
02:19:19.803 [main] INFO  com.mindtree.reusablecomponent.Base - Invoking the website
02:19:22.342 [main] INFO  com.mindtree.reusablecomponent.Base - Maximizing the window
02:19:22.551 [main] INFO  com.mindtree.reusablecomponent.Base - Searching an item from the search bar
02:19:25.596 [main] INFO  com.mindtree.reusablecomponent.Base - Clicked on the desired product
02:19:27.548 [main] INFO  com.mindtree.reusablecomponent.Base - Clicked on the Add to wishlist
02:19:28.047 [main] INFO  com.mindtree.reusablecomponent.Base - Clicked on View product in wishlist link and naviagated to the page
02:19:32.447 [main] INFO  com.mindtree.reusablecomponent.Base - Product verified
02:19:32.703 [main] INFO  com.mindtree.reusablecomponent.Base - driver closed
02:19:36.832 [main] INFO  com.mindtree.reusablecomponent.Base - Accessing the property file
02:19:36.832 [main] INFO  com.mindtree.reusablecomponent.Base - Initializing Browser
02:19:38.196 [main] INFO  com.mindtree.reusablecomponent.Base - Invoking the website
02:19:40.861 [main] INFO  com.mindtree.reusablecomponent.Base - Maximizing the window
02:19:41.106 [main] INFO  com.mindtree.reusablecomponent.Base - Click on contact us
02:19:42.972 [main] INFO  com.mindtree.reusablecomponent.Base - Name entered
02:19:45.153 [main] INFO  com.mindtree.reusablecomponent.Base - Email-id entered
02:19:47.287 [main] INFO  com.mindtree.reusablecomponent.Base - Message entered
02:19:49.411 [main] INFO  com.mindtree.reusablecomponent.Base - Click on submit
02:19:52.578 [main] WARN  com.mindtree.reusablecomponent.Base - Random Captcha Verification Request
02:19:52.717 [main] INFO  com.mindtree.reusablecomponent.Base - driver closed
02:19:56.907 [main] INFO  com.mindtree.reusablecomponent.Base - Accessing the property file
02:19:56.907 [main] INFO  com.mindtree.reusablecomponent.Base - Initializing Browser
02:19:58.174 [main] INFO  com.mindtree.reusablecomponent.Base - Invoking the website
